<?xml version="1.0" encoding="UTF-8"?>
<testng-results total="1" passed="1" failed="0" skipped="0">
  <reporter-output>
  </reporter-output>
  <suite started-at="2022-05-29T06:33:18Z" name="Default Suite" finished-at="2022-05-29T06:33:19Z" duration-ms="1891">
    <groups>
    </groups>
    <test started-at="2022-05-29T06:33:18Z" name="UI-Test" finished-at="2022-05-29T06:33:19Z" duration-ms="1891">
      <class name="com.qa.test.LoginTest">
        <test-method is-config="true" signature="beforeSuite()[pri:0, instance:com.qa.test.LoginTest@17211155]" started-at="2022-05-29T12:03:16Z" name="beforeSuite" finished-at="2022-05-29T12:03:18Z" duration-ms="1922" status="PASS">
          <reporter-output>
          </reporter-output>
        </test-method> <!-- beforeSuite -->
        <test-method signature="loginTest()[pri:0, instance:com.qa.test.LoginTest@17211155]" started-at="2022-05-29T12:03:18Z" name="loginTest" finished-at="2022-05-29T12:03:19Z" duration-ms="1871" status="PASS">
          <reporter-output>
          </reporter-output>
        </test-method> <!-- loginTest -->
        <test-method is-config="true" signature="afterSuite()[pri:0, instance:com.qa.test.LoginTest@17211155]" started-at="2022-05-29T12:03:20Z" name="afterSuite" finished-at="2022-05-29T12:03:20Z" duration-ms="270" status="PASS">
          <reporter-output>
          </reporter-output>
        </test-method> <!-- afterSuite -->
      </class> <!-- com.qa.test.LoginTest -->
    </test> <!-- UI-Test -->
  </suite> <!-- Default Suite -->
</testng-results>
